<?xml version="1.0" encoding="UTF-8"?>
<!-- Generated by org.testng.reporters.JUnitXMLReporter -->
<testsuite ignored="0" hostname="APCFSS-DT-088" failures="0" tests="1" name="Chrome_Windows10_Test" time="8.592" errors="0" timestamp="2024-11-13T16:10:05 IST">
  <testcase classname="com.lambdaTest.Scripts.BaseTest" name="@BeforeMethod setUp" time="8.51">
    <failure type="java.lang.RuntimeException" message="Please check capabilites of browser">
      <![CDATA[java.lang.RuntimeException: Please check capabilites of browser
at com.LambdaTest.driver.Driver.initDriver(Driver.java:24)
at com.lambdaTest.Scripts.BaseTest.setUp(BaseTest.java:22)
at java.base/java.util.concurrent.ThreadPoolExecutor.runWorker(ThreadPoolExecutor.java:1144)
at java.base/java.util.concurrent.ThreadPoolExecutor$Worker.run(ThreadPoolExecutor.java:642)
at java.base/java.lang.Thread.run(Thread.java:1570)
... Removed 14 stack frames]]>
    </failure>
  </testcase> <!-- @BeforeMethod setUp -->
  <testcase classname="com.lambdaTest.Scripts.BaseTest" name="@AfterMethod tearDown" time="-1.731494405125E9">
    <skipped/>
  </testcase> <!-- @AfterMethod tearDown -->
  <testcase classname="com.lambdaTest.Scripts.LambdaSeleniumAdvancedAssessmentTest" name="assessmentTest" time="0.0">
    <skipped/>
  </testcase> <!-- assessmentTest -->
</testsuite> <!-- Chrome_Windows10_Test -->
