<!DOCTYPE html PUBLIC "-//W3C//DTD XHTML 1.1//EN" "https://www.w3.org/TR/xhtml11/DTD/xhtml11.dtd">
<html xmlns="https://www.w3.org/1999/xhtml">
<head>
<meta http-equiv="content-type" content="text/html; charset=UTF-8"/>
<title>TestNG Report</title>
<style type="text/css">table {margin-bottom:10px;border-collapse:collapse;empty-cells:show}th,td {border:1px solid #009;padding:.25em .5em}th {vertical-align:bottom}td {vertical-align:top}table a {font-weight:bold}.stripe td {background-color: #E6EBF9}.num {text-align:right}.passedodd td {background-color: #3F3}.passedeven td {background-color: #0A0}.skippedodd td {background-color: #DDD}.skippedeven td {background-color: #CCC}.failedodd td,.attn {background-color: #F33}.failedeven td,.stripe .attn {background-color: #D00}.stacktrace {white-space:pre;font-family:monospace}.totop {font-size:85%;text-align:center;border-bottom:2px solid #000}.invisible {display:none}</style>
</head>
<body>
<table>
<tr><th>Test</th><th># Passed</th><th># Skipped</th><th># Retried</th><th># Failed</th><th>Time (ms)</th><th>Included Groups</th><th>Excluded Groups</th></tr>
<tr><th colspan="8">Suite</th></tr>
<tr><td><a href="#t0">Chrome_Windows10_Test</a></td><td class="num">0</td><td class="num attn">1</td><td class="num">0</td><td class="num">0</td><td class="num">8,592</td><td></td><td></td></tr>
<tr class="stripe"><td><a href="#t1">Edge_Mac_Test</a></td><td class="num">0</td><td class="num attn">1</td><td class="num">0</td><td class="num">0</td><td class="num">13</td><td></td><td></td></tr>
<tr><td><a href="#t2">Firefox_Windows7_Test</a></td><td class="num">0</td><td class="num attn">1</td><td class="num">0</td><td class="num">0</td><td class="num">13</td><td></td><td></td></tr>
<tr class="stripe"><td><a href="#t3">IE_Windows10_Test</a></td><td class="num">0</td><td class="num attn">1</td><td class="num">0</td><td class="num">0</td><td class="num">10</td><td></td><td></td></tr>
<tr><th>Total</th><th class="num">0</th><th class="num attn">4</th><th class="num">0</th><th class="num">0</th><th class="num">8,628</th><th colspan="2"></th></tr>
</table>
<table id='summary'><thead><tr><th>Class</th><th>Method</th><th>Start</th><th>Time (ms)</th></tr></thead><tbody><tr><th colspan="4">Suite</th></tr></tbody><tbody id="t0"><tr><th colspan="4">Chrome_Windows10_Test &#8212; failed (configuration methods)</th></tr><tr class="failedeven"><td rowspan="1">com.lambdaTest.Scripts.LambdaSeleniumAdvancedAssessmentTest</td><td><a href="#m0">setUp</a></td><td rowspan="1">1731494396592</td><td rowspan="1">8510</td></tr><tr><th colspan="4">Chrome_Windows10_Test &#8212; skipped (configuration methods)</th></tr><tr class="skippedeven"><td rowspan="1">com.lambdaTest.Scripts.LambdaSeleniumAdvancedAssessmentTest</td><td><a href="#m1">tearDown</a></td><td rowspan="1">1731494405125</td><td rowspan="1">-1731494405125</td></tr><tr><th colspan="4">Chrome_Windows10_Test &#8212; skipped</th></tr><tr class="skippedeven"><td rowspan="1">com.lambdaTest.Scripts.LambdaSeleniumAdvancedAssessmentTest</td><td><a href="#m2">assessmentTest</a></td><td rowspan="1">1731494405122</td><td rowspan="1">0</td></tr></tbody>
<tbody id="t1"><tr><th colspan="4">Edge_Mac_Test &#8212; failed (configuration methods)</th></tr><tr class="failedeven"><td rowspan="1">com.lambdaTest.Scripts.LambdaSeleniumAdvancedAssessmentTest</td><td><a href="#m3">setUp</a></td><td rowspan="1">1731494405518</td><td rowspan="1">5</td></tr><tr><th colspan="4">Edge_Mac_Test &#8212; skipped (configuration methods)</th></tr><tr class="skippedeven"><td rowspan="1">com.lambdaTest.Scripts.LambdaSeleniumAdvancedAssessmentTest</td><td><a href="#m4">tearDown</a></td><td rowspan="1">1731494405527</td><td rowspan="1">-1731494405527</td></tr><tr><th colspan="4">Edge_Mac_Test &#8212; skipped</th></tr><tr class="skippedeven"><td rowspan="1">com.lambdaTest.Scripts.LambdaSeleniumAdvancedAssessmentTest</td><td><a href="#m5">assessmentTest</a></td><td rowspan="1">1731494405526</td><td rowspan="1">0</td></tr></tbody>
<tbody id="t2"><tr><th colspan="4">Firefox_Windows7_Test &#8212; failed (configuration methods)</th></tr><tr class="failedeven"><td rowspan="1">com.lambdaTest.Scripts.LambdaSeleniumAdvancedAssessmentTest</td><td><a href="#m6">setUp</a></td><td rowspan="1">1731494405548</td><td rowspan="1">5</td></tr><tr><th colspan="4">Firefox_Windows7_Test &#8212; skipped (configuration methods)</th></tr><tr class="skippedeven"><td rowspan="1">com.lambdaTest.Scripts.LambdaSeleniumAdvancedAssessmentTest</td><td><a href="#m7">tearDown</a></td><td rowspan="1">1731494405556</td><td rowspan="1">-1731494405556</td></tr><tr><th colspan="4">Firefox_Windows7_Test &#8212; skipped</th></tr><tr class="skippedeven"><td rowspan="1">com.lambdaTest.Scripts.LambdaSeleniumAdvancedAssessmentTest</td><td><a href="#m8">assessmentTest</a></td><td rowspan="1">1731494405555</td><td rowspan="1">0</td></tr></tbody>
<tbody id="t3"><tr><th colspan="4">IE_Windows10_Test &#8212; failed (configuration methods)</th></tr><tr class="failedeven"><td rowspan="1">com.lambdaTest.Scripts.LambdaSeleniumAdvancedAssessmentTest</td><td><a href="#m9">setUp</a></td><td rowspan="1">1731494405609</td><td rowspan="1">4</td></tr><tr><th colspan="4">IE_Windows10_Test &#8212; skipped (configuration methods)</th></tr><tr class="skippedeven"><td rowspan="1">com.lambdaTest.Scripts.LambdaSeleniumAdvancedAssessmentTest</td><td><a href="#m10">tearDown</a></td><td rowspan="1">1731494405617</td><td rowspan="1">-1731494405617</td></tr><tr><th colspan="4">IE_Windows10_Test &#8212; skipped</th></tr><tr class="skippedeven"><td rowspan="1">com.lambdaTest.Scripts.LambdaSeleniumAdvancedAssessmentTest</td><td><a href="#m11">assessmentTest</a></td><td rowspan="1">1731494405615</td><td rowspan="1">0</td></tr></tbody>
</table>
<h2>Chrome_Windows10_Test</h2><h3 id="m0">com.lambdaTest.Scripts.LambdaSeleniumAdvancedAssessmentTest#setUp</h3><table class="result"><tr class="param"><th>Parameter #1</th><th>Parameter #2</th><th>Parameter #3</th></tr><tr class="param stripe"><td>chrome</td><td>88.0</td><td>WIN10</td></tr><tr><th colspan="3">Exception</th></tr><tr><td colspan="3"><div class="stacktrace">java.lang.RuntimeException: Please check capabilites of browser
	at com.LambdaTest.driver.Driver.initDriver(Driver.java:24)
	at com.lambdaTest.Scripts.BaseTest.setUp(BaseTest.java:22)
	at java.base/java.util.concurrent.ThreadPoolExecutor.runWorker(ThreadPoolExecutor.java:1144)
	at java.base/java.util.concurrent.ThreadPoolExecutor$Worker.run(ThreadPoolExecutor.java:642)
	at java.base/java.lang.Thread.run(Thread.java:1570)
... Removed 14 stack frames</div></td></tr></table><p class="totop"><a href="#summary">back to summary</a></p>
<h3 id="m1">com.lambdaTest.Scripts.LambdaSeleniumAdvancedAssessmentTest#tearDown</h3><table class="result"><tr><th class="invisible"/></tr></table><p class="totop"><a href="#summary">back to summary</a></p>
<h3 id="m2">com.lambdaTest.Scripts.LambdaSeleniumAdvancedAssessmentTest#assessmentTest</h3><table class="result"><tr><th>Exception</th></tr><tr><td><div class="stacktrace">java.lang.RuntimeException: Please check capabilites of browser
	at com.LambdaTest.driver.Driver.initDriver(Driver.java:24)
	at com.lambdaTest.Scripts.BaseTest.setUp(BaseTest.java:22)
	at java.base/java.util.concurrent.ThreadPoolExecutor.runWorker(ThreadPoolExecutor.java:1144)
	at java.base/java.util.concurrent.ThreadPoolExecutor$Worker.run(ThreadPoolExecutor.java:642)
	at java.base/java.lang.Thread.run(Thread.java:1570)
... Removed 14 stack frames</div></td></tr></table><p class="totop"><a href="#summary">back to summary</a></p>
<h2>Edge_Mac_Test</h2><h3 id="m3">com.lambdaTest.Scripts.LambdaSeleniumAdvancedAssessmentTest#setUp</h3><table class="result"><tr class="param"><th>Parameter #1</th><th>Parameter #2</th><th>Parameter #3</th></tr><tr class="param stripe"><td>edge</td><td>87.0</td><td>macOS Sierra</td></tr><tr><th colspan="3">Exception</th></tr><tr><td colspan="3"><div class="stacktrace">java.lang.RuntimeException: Please check capabilites of browser
	at com.LambdaTest.driver.Driver.initDriver(Driver.java:24)
	at com.lambdaTest.Scripts.BaseTest.setUp(BaseTest.java:22)
	at java.base/java.util.concurrent.ThreadPoolExecutor.runWorker(ThreadPoolExecutor.java:1144)
	at java.base/java.util.concurrent.ThreadPoolExecutor$Worker.run(ThreadPoolExecutor.java:642)
	at java.base/java.lang.Thread.run(Thread.java:1570)
... Removed 14 stack frames</div></td></tr></table><p class="totop"><a href="#summary">back to summary</a></p>
<h3 id="m4">com.lambdaTest.Scripts.LambdaSeleniumAdvancedAssessmentTest#tearDown</h3><table class="result"><tr><th class="invisible"/></tr></table><p class="totop"><a href="#summary">back to summary</a></p>
<h3 id="m5">com.lambdaTest.Scripts.LambdaSeleniumAdvancedAssessmentTest#assessmentTest</h3><table class="result"><tr><th>Exception</th></tr><tr><td><div class="stacktrace">java.lang.RuntimeException: Please check capabilites of browser
	at com.LambdaTest.driver.Driver.initDriver(Driver.java:24)
	at com.lambdaTest.Scripts.BaseTest.setUp(BaseTest.java:22)
	at java.base/java.util.concurrent.ThreadPoolExecutor.runWorker(ThreadPoolExecutor.java:1144)
	at java.base/java.util.concurrent.ThreadPoolExecutor$Worker.run(ThreadPoolExecutor.java:642)
	at java.base/java.lang.Thread.run(Thread.java:1570)
... Removed 14 stack frames</div></td></tr></table><p class="totop"><a href="#summary">back to summary</a></p>
<h2>Firefox_Windows7_Test</h2><h3 id="m6">com.lambdaTest.Scripts.LambdaSeleniumAdvancedAssessmentTest#setUp</h3><table class="result"><tr class="param"><th>Parameter #1</th><th>Parameter #2</th><th>Parameter #3</th></tr><tr class="param stripe"><td>firefox</td><td>82.0</td><td>WIN7</td></tr><tr><th colspan="3">Exception</th></tr><tr><td colspan="3"><div class="stacktrace">java.lang.RuntimeException: Please check capabilites of browser
	at com.LambdaTest.driver.Driver.initDriver(Driver.java:24)
	at com.lambdaTest.Scripts.BaseTest.setUp(BaseTest.java:22)
	at java.base/java.util.concurrent.ThreadPoolExecutor.runWorker(ThreadPoolExecutor.java:1144)
	at java.base/java.util.concurrent.ThreadPoolExecutor$Worker.run(ThreadPoolExecutor.java:642)
	at java.base/java.lang.Thread.run(Thread.java:1570)
... Removed 14 stack frames</div></td></tr></table><p class="totop"><a href="#summary">back to summary</a></p>
<h3 id="m7">com.lambdaTest.Scripts.LambdaSeleniumAdvancedAssessmentTest#tearDown</h3><table class="result"><tr><th class="invisible"/></tr></table><p class="totop"><a href="#summary">back to summary</a></p>
<h3 id="m8">com.lambdaTest.Scripts.LambdaSeleniumAdvancedAssessmentTest#assessmentTest</h3><table class="result"><tr><th>Exception</th></tr><tr><td><div class="stacktrace">java.lang.RuntimeException: Please check capabilites of browser
	at com.LambdaTest.driver.Driver.initDriver(Driver.java:24)
	at com.lambdaTest.Scripts.BaseTest.setUp(BaseTest.java:22)
	at java.base/java.util.concurrent.ThreadPoolExecutor.runWorker(ThreadPoolExecutor.java:1144)
	at java.base/java.util.concurrent.ThreadPoolExecutor$Worker.run(ThreadPoolExecutor.java:642)
	at java.base/java.lang.Thread.run(Thread.java:1570)
... Removed 14 stack frames</div></td></tr></table><p class="totop"><a href="#summary">back to summary</a></p>
<h2>IE_Windows10_Test</h2><h3 id="m9">com.lambdaTest.Scripts.LambdaSeleniumAdvancedAssessmentTest#setUp</h3><table class="result"><tr class="param"><th>Parameter #1</th><th>Parameter #2</th><th>Parameter #3</th></tr><tr class="param stripe"><td>ie</td><td>11.0</td><td>WIN10</td></tr><tr><th colspan="3">Exception</th></tr><tr><td colspan="3"><div class="stacktrace">java.lang.RuntimeException: Please check capabilites of browser
	at com.LambdaTest.driver.Driver.initDriver(Driver.java:24)
	at com.lambdaTest.Scripts.BaseTest.setUp(BaseTest.java:22)
	at java.base/java.util.concurrent.ThreadPoolExecutor.runWorker(ThreadPoolExecutor.java:1144)
	at java.base/java.util.concurrent.ThreadPoolExecutor$Worker.run(ThreadPoolExecutor.java:642)
	at java.base/java.lang.Thread.run(Thread.java:1570)
... Removed 14 stack frames</div></td></tr></table><p class="totop"><a href="#summary">back to summary</a></p>
<h3 id="m10">com.lambdaTest.Scripts.LambdaSeleniumAdvancedAssessmentTest#tearDown</h3><table class="result"><tr><th class="invisible"/></tr></table><p class="totop"><a href="#summary">back to summary</a></p>
<h3 id="m11">com.lambdaTest.Scripts.LambdaSeleniumAdvancedAssessmentTest#assessmentTest</h3><table class="result"><tr><th>Exception</th></tr><tr><td><div class="stacktrace">java.lang.RuntimeException: Please check capabilites of browser
	at com.LambdaTest.driver.Driver.initDriver(Driver.java:24)
	at com.lambdaTest.Scripts.BaseTest.setUp(BaseTest.java:22)
	at java.base/java.util.concurrent.ThreadPoolExecutor.runWorker(ThreadPoolExecutor.java:1144)
	at java.base/java.util.concurrent.ThreadPoolExecutor$Worker.run(ThreadPoolExecutor.java:642)
	at java.base/java.lang.Thread.run(Thread.java:1570)
... Removed 14 stack frames</div></td></tr></table><p class="totop"><a href="#summary">back to summary</a></p>
</body>
</html>
